  [1m[36m (13.2ms)[0m  [1mCREATE TABLE "schema_migrations" ("version" varchar NOT NULL) [0m
  [1m[35m (0.1ms)[0m  select sqlite_version(*)
  [1m[36m (7.3ms)[0m  [1mCREATE UNIQUE INDEX "unique_schema_migrations" ON "schema_migrations" ("version")[0m
  [1m[35mActiveRecord::SchemaMigration Load (0.2ms)[0m  SELECT "schema_migrations".* FROM "schema_migrations"
Migrating to DeviseCreateUsers (20160509023844)
  [1m[36m (0.1ms)[0m  [1mbegin transaction[0m
  [1m[35m (0.5ms)[0m  CREATE TABLE "users" ("id" INTEGER PRIMARY KEY AUTOINCREMENT NOT NULL, "email" varchar DEFAULT '' NOT NULL, "encrypted_password" varchar DEFAULT '' NOT NULL, "reset_password_token" varchar, "reset_password_sent_at" datetime, "remember_created_at" datetime, "sign_in_count" integer DEFAULT 0 NOT NULL, "current_sign_in_at" datetime, "last_sign_in_at" datetime, "current_sign_in_ip" varchar, "last_sign_in_ip" varchar, "created_at" datetime NOT NULL, "updated_at" datetime NOT NULL) 
  [1m[36m (0.4ms)[0m  [1mCREATE UNIQUE INDEX "index_users_on_email" ON "users" ("email")[0m
  [1m[35m (0.1ms)[0m              SELECT sql
            FROM sqlite_master
            WHERE name='index_users_on_email' AND type='index'
            UNION ALL
            SELECT sql
            FROM sqlite_temp_master
            WHERE name='index_users_on_email' AND type='index'

  [1m[36m (0.2ms)[0m  [1mCREATE UNIQUE INDEX "index_users_on_reset_password_token" ON "users" ("reset_password_token")[0m
  [1m[35mSQL (0.2ms)[0m  INSERT INTO "schema_migrations" ("version") VALUES (?)  [["version", "20160509023844"]]
  [1m[36m (12.8ms)[0m  [1mcommit transaction[0m
Migrating to AddUsernameToUsers (20160509024030)
  [1m[35m (0.1ms)[0m  begin transaction
  [1m[36m (0.4ms)[0m  [1mALTER TABLE "users" ADD "username" varchar[0m
  [1m[35m (0.1ms)[0m              SELECT sql
            FROM sqlite_master
            WHERE name='index_users_on_reset_password_token' AND type='index'
            UNION ALL
            SELECT sql
            FROM sqlite_temp_master
            WHERE name='index_users_on_reset_password_token' AND type='index'

  [1m[36m (0.1ms)[0m  [1m            SELECT sql
            FROM sqlite_master
            WHERE name='index_users_on_email' AND type='index'
            UNION ALL
            SELECT sql
            FROM sqlite_temp_master
            WHERE name='index_users_on_email' AND type='index'
[0m
  [1m[35m (0.3ms)[0m  CREATE UNIQUE INDEX "index_users_on_username" ON "users" ("username")
  [1m[36mSQL (0.1ms)[0m  [1mINSERT INTO "schema_migrations" ("version") VALUES (?)[0m  [["version", "20160509024030"]]
  [1m[35m (8.4ms)[0m  commit transaction
  [1m[36mActiveRecord::SchemaMigration Load (0.1ms)[0m  [1mSELECT "schema_migrations".* FROM "schema_migrations"[0m
  [1m[35m (0.2ms)[0m              SELECT sql
            FROM sqlite_master
            WHERE name='index_users_on_username' AND type='index'
            UNION ALL
            SELECT sql
            FROM sqlite_temp_master
            WHERE name='index_users_on_username' AND type='index'

  [1m[36m (0.2ms)[0m  [1m            SELECT sql
            FROM sqlite_master
            WHERE name='index_users_on_reset_password_token' AND type='index'
            UNION ALL
            SELECT sql
            FROM sqlite_temp_master
            WHERE name='index_users_on_reset_password_token' AND type='index'
[0m
  [1m[35m (0.2ms)[0m              SELECT sql
            FROM sqlite_master
            WHERE name='index_users_on_email' AND type='index'
            UNION ALL
            SELECT sql
            FROM sqlite_temp_master
            WHERE name='index_users_on_email' AND type='index'



Started GET "/" for 75.38.127.138 at 2016-05-10 03:22:35 +0000
  [1m[36mActiveRecord::SchemaMigration Load (0.3ms)[0m  [1mSELECT "schema_migrations".* FROM "schema_migrations"[0m

ActionController::RoutingError (uninitialized constant WelcomeController):
  activesupport (4.2.5) lib/active_support/inflector/methods.rb:261:in `const_get'
  activesupport (4.2.5) lib/active_support/inflector/methods.rb:261:in `block in constantize'
  activesupport (4.2.5) lib/active_support/inflector/methods.rb:259:in `each'
  activesupport (4.2.5) lib/active_support/inflector/methods.rb:259:in `inject'
  activesupport (4.2.5) lib/active_support/inflector/methods.rb:259:in `constantize'
  actionpack (4.2.5) lib/action_dispatch/routing/route_set.rb:72:in `controller_reference'
  actionpack (4.2.5) lib/action_dispatch/routing/route_set.rb:62:in `controller'
  actionpack (4.2.5) lib/action_dispatch/routing/route_set.rb:41:in `serve'
  actionpack (4.2.5) lib/action_dispatch/journey/router.rb:43:in `block in serve'
  actionpack (4.2.5) lib/action_dispatch/journey/router.rb:30:in `each'
  actionpack (4.2.5) lib/action_dispatch/journey/router.rb:30:in `serve'
  actionpack (4.2.5) lib/action_dispatch/routing/route_set.rb:817:in `call'
  warden (1.2.6) lib/warden/manager.rb:35:in `block in call'
  warden (1.2.6) lib/warden/manager.rb:34:in `catch'
  warden (1.2.6) lib/warden/manager.rb:34:in `call'
  rack (1.6.4) lib/rack/etag.rb:24:in `call'
  rack (1.6.4) lib/rack/conditionalget.rb:25:in `call'
  rack (1.6.4) lib/rack/head.rb:13:in `call'
  actionpack (4.2.5) lib/action_dispatch/middleware/params_parser.rb:27:in `call'
  actionpack (4.2.5) lib/action_dispatch/middleware/flash.rb:260:in `call'
  rack (1.6.4) lib/rack/session/abstract/id.rb:225:in `context'
  rack (1.6.4) lib/rack/session/abstract/id.rb:220:in `call'
  actionpack (4.2.5) lib/action_dispatch/middleware/cookies.rb:560:in `call'
  activerecord (4.2.5) lib/active_record/query_cache.rb:36:in `call'
  activerecord (4.2.5) lib/active_record/connection_adapters/abstract/connection_pool.rb:653:in `call'
  activerecord (4.2.5) lib/active_record/migration.rb:377:in `call'
  actionpack (4.2.5) lib/action_dispatch/middleware/callbacks.rb:29:in `block in call'
  activesupport (4.2.5) lib/active_support/callbacks.rb:88:in `__run_callbacks__'
  activesupport (4.2.5) lib/active_support/callbacks.rb:778:in `_run_call_callbacks'
  activesupport (4.2.5) lib/active_support/callbacks.rb:81:in `run_callbacks'
  actionpack (4.2.5) lib/action_dispatch/middleware/callbacks.rb:27:in `call'
  actionpack (4.2.5) lib/action_dispatch/middleware/reloader.rb:73:in `call'
  actionpack (4.2.5) lib/action_dispatch/middleware/remote_ip.rb:78:in `call'
  actionpack (4.2.5) lib/action_dispatch/middleware/debug_exceptions.rb:17:in `call'
  actionpack (4.2.5) lib/action_dispatch/middleware/show_exceptions.rb:30:in `call'
  railties (4.2.5) lib/rails/rack/logger.rb:38:in `call_app'
  railties (4.2.5) lib/rails/rack/logger.rb:20:in `block in call'
  activesupport (4.2.5) lib/active_support/tagged_logging.rb:68:in `block in tagged'
  activesupport (4.2.5) lib/active_support/tagged_logging.rb:26:in `tagged'
  activesupport (4.2.5) lib/active_support/tagged_logging.rb:68:in `tagged'
  railties (4.2.5) lib/rails/rack/logger.rb:20:in `call'
  actionpack (4.2.5) lib/action_dispatch/middleware/request_id.rb:21:in `call'
  rack (1.6.4) lib/rack/methodoverride.rb:22:in `call'
  rack (1.6.4) lib/rack/runtime.rb:18:in `call'
  activesupport (4.2.5) lib/active_support/cache/strategy/local_cache_middleware.rb:28:in `call'
  rack (1.6.4) lib/rack/lock.rb:17:in `call'
  actionpack (4.2.5) lib/action_dispatch/middleware/static.rb:116:in `call'
  rack (1.6.4) lib/rack/sendfile.rb:113:in `call'
  railties (4.2.5) lib/rails/engine.rb:518:in `call'
  railties (4.2.5) lib/rails/application.rb:165:in `call'
  rack (1.6.4) lib/rack/lock.rb:17:in `call'
  rack (1.6.4) lib/rack/content_length.rb:15:in `call'
  rack (1.6.4) lib/rack/handler/webrick.rb:88:in `service'
  /usr/local/rvm/rubies/ruby-2.3.0/lib/ruby/2.3.0/webrick/httpserver.rb:140:in `service'
  /usr/local/rvm/rubies/ruby-2.3.0/lib/ruby/2.3.0/webrick/httpserver.rb:96:in `run'
  /usr/local/rvm/rubies/ruby-2.3.0/lib/ruby/2.3.0/webrick/server.rb:296:in `block in start_thread'


  Rendered /usr/local/rvm/gems/ruby-2.3.0/gems/actionpack-4.2.5/lib/action_dispatch/middleware/templates/rescues/_trace.html.erb (2.6ms)
  Rendered /usr/local/rvm/gems/ruby-2.3.0/gems/actionpack-4.2.5/lib/action_dispatch/middleware/templates/routes/_route.html.erb (2.0ms)
  Rendered /usr/local/rvm/gems/ruby-2.3.0/gems/actionpack-4.2.5/lib/action_dispatch/middleware/templates/routes/_table.html.erb (36.1ms)
  Rendered /usr/local/rvm/gems/ruby-2.3.0/gems/actionpack-4.2.5/lib/action_dispatch/middleware/templates/rescues/_request_and_response.html.erb (25.8ms)
  Rendered /usr/local/rvm/gems/ruby-2.3.0/gems/actionpack-4.2.5/lib/action_dispatch/middleware/templates/rescues/routing_error.html.erb within rescues/layout (181.1ms)


Started GET "/" for 75.38.127.138 at 2016-05-10 03:28:27 +0000
Processing by WelcomeController#index as HTML
  Rendered welcome/index.html.erb within layouts/application (0.6ms)
Completed 200 OK in 3762ms (Views: 3650.8ms | ActiveRecord: 0.0ms)


Started GET "/assets/welcome.self-e3b0c44298fc1c149afbf4c8996fb92427ae41e4649b934ca495991b7852b855.css?body=1" for 75.38.127.138 at 2016-05-10 03:28:31 +0000


Started GET "/assets/jquery.self-660adc51e0224b731d29f575a6f1ec167ba08ad06ed5deca4f1e8654c135bf4c.js?body=1" for 75.38.127.138 at 2016-05-10 03:28:32 +0000


Started GET "/assets/application.self-480bbbc85e0219d9d1a2bbea0d51aef0f84d4e96b12c40aad974c9fb7513f485.css?body=1" for 75.38.127.138 at 2016-05-10 03:28:32 +0000


Started GET "/assets/jquery_ujs.self-e87806d0cf4489aeb1bb7288016024e8de67fd18db693fe026fe3907581e53cd.js?body=1" for 75.38.127.138 at 2016-05-10 03:28:32 +0000


Started GET "/assets/turbolinks.self-c37727e9bd6b2735da5c311aa83fead54ed0be6cc8bd9a65309e9c5abe2cbfff.js?body=1" for 75.38.127.138 at 2016-05-10 03:28:32 +0000


Started GET "/assets/welcome.self-877aef30ae1b040ab8a3aba4e3e309a11d7f2612f44dde450b5c157aa5f95c05.js?body=1" for 75.38.127.138 at 2016-05-10 03:28:32 +0000


Started GET "/assets/bootstrap.self-d0e973a52d36a01036265aeefaf2d1ae3499d2cb231a9be3bd846432daf231de.js?body=1" for 75.38.127.138 at 2016-05-10 03:28:32 +0000


Started GET "/assets/application.self-f8806224e027f3e3f0138ea9ce99319e298dfdb323304d1f1be6eae8e8c74724.js?body=1" for 75.38.127.138 at 2016-05-10 03:28:32 +0000


Started GET "/" for 75.38.127.138 at 2016-05-10 03:29:57 +0000
Processing by WelcomeController#index as HTML
  Rendered welcome/index.html.erb within layouts/application (0.1ms)
Completed 200 OK in 78ms (Views: 77.5ms | ActiveRecord: 0.0ms)


Started GET "/assets/welcome.self-e3b0c44298fc1c149afbf4c8996fb92427ae41e4649b934ca495991b7852b855.css?body=1" for 75.38.127.138 at 2016-05-10 03:29:57 +0000


Started GET "/assets/application.self-480bbbc85e0219d9d1a2bbea0d51aef0f84d4e96b12c40aad974c9fb7513f485.css?body=1" for 75.38.127.138 at 2016-05-10 03:29:57 +0000


Started GET "/assets/turbolinks.self-c37727e9bd6b2735da5c311aa83fead54ed0be6cc8bd9a65309e9c5abe2cbfff.js?body=1" for 75.38.127.138 at 2016-05-10 03:29:57 +0000


Started GET "/assets/jquery_ujs.self-e87806d0cf4489aeb1bb7288016024e8de67fd18db693fe026fe3907581e53cd.js?body=1" for 75.38.127.138 at 2016-05-10 03:29:57 +0000


Started GET "/assets/jquery.self-660adc51e0224b731d29f575a6f1ec167ba08ad06ed5deca4f1e8654c135bf4c.js?body=1" for 75.38.127.138 at 2016-05-10 03:29:57 +0000


Started GET "/assets/bootstrap.self-d0e973a52d36a01036265aeefaf2d1ae3499d2cb231a9be3bd846432daf231de.js?body=1" for 75.38.127.138 at 2016-05-10 03:29:57 +0000


Started GET "/assets/welcome.self-877aef30ae1b040ab8a3aba4e3e309a11d7f2612f44dde450b5c157aa5f95c05.js?body=1" for 75.38.127.138 at 2016-05-10 03:29:57 +0000


Started GET "/assets/application.self-f8806224e027f3e3f0138ea9ce99319e298dfdb323304d1f1be6eae8e8c74724.js?body=1" for 75.38.127.138 at 2016-05-10 03:29:57 +0000


Started GET "/users/sign_up" for 75.38.127.138 at 2016-05-10 03:30:27 +0000
Processing by Devise::RegistrationsController#new as HTML
  Rendered /usr/local/rvm/gems/ruby-2.3.0/gems/devise-4.1.0/app/views/devise/shared/_links.html.erb (15.9ms)
  Rendered /usr/local/rvm/gems/ruby-2.3.0/gems/devise-4.1.0/app/views/devise/registrations/new.html.erb within layouts/application (98.0ms)
Completed 200 OK in 264ms (Views: 222.4ms | ActiveRecord: 1.3ms)


Started GET "/users/sign_in" for 75.38.127.138 at 2016-05-10 03:31:03 +0000
Processing by Devise::SessionsController#new as HTML
  Rendered /usr/local/rvm/gems/ruby-2.3.0/gems/devise-4.1.0/app/views/devise/shared/_links.html.erb (10.9ms)
  Rendered /usr/local/rvm/gems/ruby-2.3.0/gems/devise-4.1.0/app/views/devise/sessions/new.html.erb within layouts/application (36.7ms)
Completed 200 OK in 150ms (Views: 147.5ms | ActiveRecord: 0.0ms)


Started GET "/users/sign_up" for 75.38.127.138 at 2016-05-10 03:31:06 +0000
Processing by Devise::RegistrationsController#new as HTML
  Rendered /usr/local/rvm/gems/ruby-2.3.0/gems/devise-4.1.0/app/views/devise/shared/_links.html.erb (8.1ms)
  Rendered /usr/local/rvm/gems/ruby-2.3.0/gems/devise-4.1.0/app/views/devise/registrations/new.html.erb within layouts/application (19.8ms)
Completed 200 OK in 130ms (Views: 128.3ms | ActiveRecord: 0.0ms)


Started GET "/users/sign_up" for 75.38.127.138 at 2016-05-10 03:32:12 +0000
Processing by Devise::RegistrationsController#new as HTML
  Rendered /usr/local/rvm/gems/ruby-2.3.0/gems/devise-4.1.0/app/views/devise/shared/_links.html.erb (3.9ms)
  Rendered /usr/local/rvm/gems/ruby-2.3.0/gems/devise-4.1.0/app/views/devise/registrations/new.html.erb within layouts/application (17.2ms)
Completed 200 OK in 145ms (Views: 142.4ms | ActiveRecord: 0.0ms)


Started GET "/assets/welcome.self-e3b0c44298fc1c149afbf4c8996fb92427ae41e4649b934ca495991b7852b855.css?body=1" for 75.38.127.138 at 2016-05-10 03:32:13 +0000


Started GET "/assets/jquery.self-660adc51e0224b731d29f575a6f1ec167ba08ad06ed5deca4f1e8654c135bf4c.js?body=1" for 75.38.127.138 at 2016-05-10 03:32:13 +0000


Started GET "/assets/jquery_ujs.self-e87806d0cf4489aeb1bb7288016024e8de67fd18db693fe026fe3907581e53cd.js?body=1" for 75.38.127.138 at 2016-05-10 03:32:13 +0000


Started GET "/assets/bootstrap.self-d0e973a52d36a01036265aeefaf2d1ae3499d2cb231a9be3bd846432daf231de.js?body=1" for 75.38.127.138 at 2016-05-10 03:32:13 +0000


Started GET "/assets/application.self-480bbbc85e0219d9d1a2bbea0d51aef0f84d4e96b12c40aad974c9fb7513f485.css?body=1" for 75.38.127.138 at 2016-05-10 03:32:13 +0000


Started GET "/assets/turbolinks.self-c37727e9bd6b2735da5c311aa83fead54ed0be6cc8bd9a65309e9c5abe2cbfff.js?body=1" for 75.38.127.138 at 2016-05-10 03:32:13 +0000


Started GET "/assets/welcome.self-877aef30ae1b040ab8a3aba4e3e309a11d7f2612f44dde450b5c157aa5f95c05.js?body=1" for 75.38.127.138 at 2016-05-10 03:32:13 +0000


Started GET "/assets/application.self-f8806224e027f3e3f0138ea9ce99319e298dfdb323304d1f1be6eae8e8c74724.js?body=1" for 75.38.127.138 at 2016-05-10 03:32:13 +0000


Started GET "/users/sign_up" for 75.38.127.138 at 2016-05-10 03:34:10 +0000
Processing by Devise::RegistrationsController#new as HTML
  Rendered /usr/local/rvm/gems/ruby-2.3.0/gems/devise-4.1.0/app/views/devise/shared/_links.html.erb (3.6ms)
  Rendered /usr/local/rvm/gems/ruby-2.3.0/gems/devise-4.1.0/app/views/devise/registrations/new.html.erb within layouts/application (16.4ms)
Completed 200 OK in 109ms (Views: 106.8ms | ActiveRecord: 0.0ms)


Started GET "/" for 75.38.127.138 at 2016-05-10 03:34:15 +0000
Processing by WelcomeController#index as HTML
  Rendered welcome/index.html.erb within layouts/application (0.1ms)
Completed 200 OK in 98ms (Views: 96.4ms | ActiveRecord: 0.0ms)


Started GET "/" for 75.38.127.138 at 2016-05-10 03:37:59 +0000
Processing by WelcomeController#index as HTML
  Rendered welcome/index.html.erb within layouts/application (1.5ms)
Completed 200 OK in 211ms (Views: 210.3ms | ActiveRecord: 0.0ms)


Started GET "/assets/welcome.self-e3b0c44298fc1c149afbf4c8996fb92427ae41e4649b934ca495991b7852b855.css?body=1" for 75.38.127.138 at 2016-05-10 03:38:00 +0000


Started GET "/assets/application.self-480bbbc85e0219d9d1a2bbea0d51aef0f84d4e96b12c40aad974c9fb7513f485.css?body=1" for 75.38.127.138 at 2016-05-10 03:38:00 +0000


Started GET "/assets/jquery.self-660adc51e0224b731d29f575a6f1ec167ba08ad06ed5deca4f1e8654c135bf4c.js?body=1" for 75.38.127.138 at 2016-05-10 03:38:00 +0000


Started GET "/assets/bootstrap.self-d0e973a52d36a01036265aeefaf2d1ae3499d2cb231a9be3bd846432daf231de.js?body=1" for 75.38.127.138 at 2016-05-10 03:38:00 +0000


Started GET "/assets/jquery_ujs.self-e87806d0cf4489aeb1bb7288016024e8de67fd18db693fe026fe3907581e53cd.js?body=1" for 75.38.127.138 at 2016-05-10 03:38:00 +0000


Started GET "/assets/turbolinks.self-c37727e9bd6b2735da5c311aa83fead54ed0be6cc8bd9a65309e9c5abe2cbfff.js?body=1" for 75.38.127.138 at 2016-05-10 03:38:00 +0000


Started GET "/assets/welcome.self-877aef30ae1b040ab8a3aba4e3e309a11d7f2612f44dde450b5c157aa5f95c05.js?body=1" for 75.38.127.138 at 2016-05-10 03:38:00 +0000


Started GET "/assets/application.self-f8806224e027f3e3f0138ea9ce99319e298dfdb323304d1f1be6eae8e8c74724.js?body=1" for 75.38.127.138 at 2016-05-10 03:38:00 +0000


Started GET "/" for 75.38.127.138 at 2016-05-10 03:38:37 +0000
Processing by WelcomeController#index as HTML
  Rendered welcome/index.html.erb within layouts/application (0.5ms)
Completed 200 OK in 88ms (Views: 87.5ms | ActiveRecord: 0.0ms)


Started GET "/assets/welcome.self-e3b0c44298fc1c149afbf4c8996fb92427ae41e4649b934ca495991b7852b855.css?body=1" for 75.38.127.138 at 2016-05-10 03:38:37 +0000


Started GET "/assets/jquery.self-660adc51e0224b731d29f575a6f1ec167ba08ad06ed5deca4f1e8654c135bf4c.js?body=1" for 75.38.127.138 at 2016-05-10 03:38:37 +0000


Started GET "/assets/application.self-480bbbc85e0219d9d1a2bbea0d51aef0f84d4e96b12c40aad974c9fb7513f485.css?body=1" for 75.38.127.138 at 2016-05-10 03:38:37 +0000


Started GET "/assets/jquery_ujs.self-e87806d0cf4489aeb1bb7288016024e8de67fd18db693fe026fe3907581e53cd.js?body=1" for 75.38.127.138 at 2016-05-10 03:38:37 +0000


Started GET "/assets/turbolinks.self-c37727e9bd6b2735da5c311aa83fead54ed0be6cc8bd9a65309e9c5abe2cbfff.js?body=1" for 75.38.127.138 at 2016-05-10 03:38:37 +0000


Started GET "/assets/welcome.self-877aef30ae1b040ab8a3aba4e3e309a11d7f2612f44dde450b5c157aa5f95c05.js?body=1" for 75.38.127.138 at 2016-05-10 03:38:37 +0000


Started GET "/assets/bootstrap.self-d0e973a52d36a01036265aeefaf2d1ae3499d2cb231a9be3bd846432daf231de.js?body=1" for 75.38.127.138 at 2016-05-10 03:38:37 +0000


Started GET "/assets/application.self-f8806224e027f3e3f0138ea9ce99319e298dfdb323304d1f1be6eae8e8c74724.js?body=1" for 75.38.127.138 at 2016-05-10 03:38:37 +0000


Started GET "/users/sign_up" for 75.38.127.138 at 2016-05-10 03:38:41 +0000
Processing by Devise::RegistrationsController#new as HTML
  Rendered /usr/local/rvm/gems/ruby-2.3.0/gems/devise-4.1.0/app/views/devise/shared/_links.html.erb (6.4ms)
  Rendered /usr/local/rvm/gems/ruby-2.3.0/gems/devise-4.1.0/app/views/devise/registrations/new.html.erb within layouts/application (18.4ms)
Completed 200 OK in 99ms (Views: 97.6ms | ActiveRecord: 0.0ms)


Started GET "/users/sign_in" for 75.38.127.138 at 2016-05-10 03:38:43 +0000
Processing by Devise::SessionsController#new as HTML
  Rendered /usr/local/rvm/gems/ruby-2.3.0/gems/devise-4.1.0/app/views/devise/shared/_links.html.erb (6.0ms)
  Rendered /usr/local/rvm/gems/ruby-2.3.0/gems/devise-4.1.0/app/views/devise/sessions/new.html.erb within layouts/application (16.0ms)
Completed 200 OK in 125ms (Views: 122.4ms | ActiveRecord: 0.0ms)


Started GET "/users/sign_up" for 75.38.127.138 at 2016-05-10 03:38:45 +0000
Processing by Devise::RegistrationsController#new as HTML
  Rendered /usr/local/rvm/gems/ruby-2.3.0/gems/devise-4.1.0/app/views/devise/shared/_links.html.erb (6.7ms)
  Rendered /usr/local/rvm/gems/ruby-2.3.0/gems/devise-4.1.0/app/views/devise/registrations/new.html.erb within layouts/application (16.7ms)
Completed 200 OK in 85ms (Views: 83.6ms | ActiveRecord: 0.0ms)


Started GET "/users/sign_up" for 75.38.127.138 at 2016-05-10 03:40:08 +0000
Processing by Devise::RegistrationsController#new as HTML
  Rendered /usr/local/rvm/gems/ruby-2.3.0/gems/devise-4.1.0/app/views/devise/shared/_links.html.erb (2.7ms)
  Rendered /usr/local/rvm/gems/ruby-2.3.0/gems/devise-4.1.0/app/views/devise/registrations/new.html.erb within layouts/application (14.5ms)
Completed 200 OK in 88ms (Views: 86.2ms | ActiveRecord: 0.0ms)


Started GET "/assets/application.self-480bbbc85e0219d9d1a2bbea0d51aef0f84d4e96b12c40aad974c9fb7513f485.css?body=1" for 75.38.127.138 at 2016-05-10 03:40:09 +0000


Started GET "/assets/welcome.self-e3b0c44298fc1c149afbf4c8996fb92427ae41e4649b934ca495991b7852b855.css?body=1" for 75.38.127.138 at 2016-05-10 03:40:09 +0000


Started GET "/assets/turbolinks.self-c37727e9bd6b2735da5c311aa83fead54ed0be6cc8bd9a65309e9c5abe2cbfff.js?body=1" for 75.38.127.138 at 2016-05-10 03:40:09 +0000


Started GET "/assets/bootstrap.self-d0e973a52d36a01036265aeefaf2d1ae3499d2cb231a9be3bd846432daf231de.js?body=1" for 75.38.127.138 at 2016-05-10 03:40:09 +0000


Started GET "/assets/jquery.self-660adc51e0224b731d29f575a6f1ec167ba08ad06ed5deca4f1e8654c135bf4c.js?body=1" for 75.38.127.138 at 2016-05-10 03:40:09 +0000


Started GET "/assets/jquery_ujs.self-e87806d0cf4489aeb1bb7288016024e8de67fd18db693fe026fe3907581e53cd.js?body=1" for 75.38.127.138 at 2016-05-10 03:40:09 +0000


Started GET "/assets/welcome.self-877aef30ae1b040ab8a3aba4e3e309a11d7f2612f44dde450b5c157aa5f95c05.js?body=1" for 75.38.127.138 at 2016-05-10 03:40:09 +0000


Started GET "/assets/application.self-f8806224e027f3e3f0138ea9ce99319e298dfdb323304d1f1be6eae8e8c74724.js?body=1" for 75.38.127.138 at 2016-05-10 03:40:09 +0000


Started GET "/" for 75.38.127.138 at 2016-05-10 03:40:14 +0000
Processing by WelcomeController#index as HTML
  Rendered welcome/index.html.erb within layouts/application (0.1ms)
Completed 200 OK in 64ms (Views: 63.2ms | ActiveRecord: 0.0ms)


Started GET "/" for 75.38.127.138 at 2016-05-10 03:41:29 +0000
Processing by WelcomeController#index as HTML
  Rendered welcome/index.html.erb within layouts/application (0.1ms)
Completed 200 OK in 2441ms (Views: 2439.8ms | ActiveRecord: 0.0ms)


Started GET "/assets/application.self-4ca36071b315c1e43ceda2c979c0ac6f9f153ac3a018dca5a4ee1e017377e8a3.css?body=1" for 75.38.127.138 at 2016-05-10 03:41:32 +0000


Started GET "/assets/welcome.self-e3b0c44298fc1c149afbf4c8996fb92427ae41e4649b934ca495991b7852b855.css?body=1" for 75.38.127.138 at 2016-05-10 03:41:32 +0000


Started GET "/assets/jquery.self-660adc51e0224b731d29f575a6f1ec167ba08ad06ed5deca4f1e8654c135bf4c.js?body=1" for 75.38.127.138 at 2016-05-10 03:41:32 +0000


Started GET "/assets/jquery_ujs.self-e87806d0cf4489aeb1bb7288016024e8de67fd18db693fe026fe3907581e53cd.js?body=1" for 75.38.127.138 at 2016-05-10 03:41:32 +0000


Started GET "/assets/turbolinks.self-c37727e9bd6b2735da5c311aa83fead54ed0be6cc8bd9a65309e9c5abe2cbfff.js?body=1" for 75.38.127.138 at 2016-05-10 03:41:32 +0000


Started GET "/assets/bootstrap.self-d0e973a52d36a01036265aeefaf2d1ae3499d2cb231a9be3bd846432daf231de.js?body=1" for 75.38.127.138 at 2016-05-10 03:41:32 +0000


Started GET "/assets/welcome.self-877aef30ae1b040ab8a3aba4e3e309a11d7f2612f44dde450b5c157aa5f95c05.js?body=1" for 75.38.127.138 at 2016-05-10 03:41:32 +0000


Started GET "/assets/application.self-f8806224e027f3e3f0138ea9ce99319e298dfdb323304d1f1be6eae8e8c74724.js?body=1" for 75.38.127.138 at 2016-05-10 03:41:32 +0000


Started GET "/" for 75.38.127.138 at 2016-05-10 03:42:17 +0000
Processing by WelcomeController#index as HTML
  Rendered welcome/index.html.erb within layouts/application (0.2ms)
Completed 200 OK in 2916ms (Views: 2914.7ms | ActiveRecord: 0.0ms)


Started GET "/assets/welcome.self-e3b0c44298fc1c149afbf4c8996fb92427ae41e4649b934ca495991b7852b855.css?body=1" for 75.38.127.138 at 2016-05-10 03:42:20 +0000


Started GET "/assets/application.self-20408e0471d1d14e8193825b93df73162668e6581a170c34aec92984ec418e3c.css?body=1" for 75.38.127.138 at 2016-05-10 03:42:20 +0000


Started GET "/assets/jquery_ujs.self-e87806d0cf4489aeb1bb7288016024e8de67fd18db693fe026fe3907581e53cd.js?body=1" for 75.38.127.138 at 2016-05-10 03:42:20 +0000


Started GET "/assets/jquery.self-660adc51e0224b731d29f575a6f1ec167ba08ad06ed5deca4f1e8654c135bf4c.js?body=1" for 75.38.127.138 at 2016-05-10 03:42:20 +0000


Started GET "/assets/turbolinks.self-c37727e9bd6b2735da5c311aa83fead54ed0be6cc8bd9a65309e9c5abe2cbfff.js?body=1" for 75.38.127.138 at 2016-05-10 03:42:20 +0000


Started GET "/assets/bootstrap.self-d0e973a52d36a01036265aeefaf2d1ae3499d2cb231a9be3bd846432daf231de.js?body=1" for 75.38.127.138 at 2016-05-10 03:42:20 +0000


Started GET "/assets/welcome.self-877aef30ae1b040ab8a3aba4e3e309a11d7f2612f44dde450b5c157aa5f95c05.js?body=1" for 75.38.127.138 at 2016-05-10 03:42:20 +0000


Started GET "/assets/application.self-f8806224e027f3e3f0138ea9ce99319e298dfdb323304d1f1be6eae8e8c74724.js?body=1" for 75.38.127.138 at 2016-05-10 03:42:21 +0000


Started GET "/" for 75.38.127.138 at 2016-05-10 03:42:42 +0000
Processing by WelcomeController#index as HTML
  Rendered welcome/index.html.erb within layouts/application (0.1ms)
Completed 200 OK in 3021ms (Views: 3019.7ms | ActiveRecord: 0.0ms)


Started GET "/assets/welcome.self-e3b0c44298fc1c149afbf4c8996fb92427ae41e4649b934ca495991b7852b855.css?body=1" for 75.38.127.138 at 2016-05-10 03:42:46 +0000


Started GET "/assets/jquery.self-660adc51e0224b731d29f575a6f1ec167ba08ad06ed5deca4f1e8654c135bf4c.js?body=1" for 75.38.127.138 at 2016-05-10 03:42:46 +0000


Started GET "/assets/jquery_ujs.self-e87806d0cf4489aeb1bb7288016024e8de67fd18db693fe026fe3907581e53cd.js?body=1" for 75.38.127.138 at 2016-05-10 03:42:46 +0000


Started GET "/assets/welcome.self-877aef30ae1b040ab8a3aba4e3e309a11d7f2612f44dde450b5c157aa5f95c05.js?body=1" for 75.38.127.138 at 2016-05-10 03:42:46 +0000


Started GET "/assets/bootstrap.self-d0e973a52d36a01036265aeefaf2d1ae3499d2cb231a9be3bd846432daf231de.js?body=1" for 75.38.127.138 at 2016-05-10 03:42:46 +0000


Started GET "/assets/application.self-9b6fa7c95dd9cd8346c2159fb01ac3359e40c05059709f38b8c99b95bbc74b0f.css?body=1" for 75.38.127.138 at 2016-05-10 03:42:46 +0000


Started GET "/assets/turbolinks.self-c37727e9bd6b2735da5c311aa83fead54ed0be6cc8bd9a65309e9c5abe2cbfff.js?body=1" for 75.38.127.138 at 2016-05-10 03:42:46 +0000


Started GET "/assets/application.self-f8806224e027f3e3f0138ea9ce99319e298dfdb323304d1f1be6eae8e8c74724.js?body=1" for 75.38.127.138 at 2016-05-10 03:42:46 +0000


Started GET "/" for 75.38.127.138 at 2016-05-10 03:47:40 +0000
Processing by WelcomeController#index as HTML
  Rendered welcome/index.html.erb within layouts/application (0.2ms)
Completed 200 OK in 2900ms (Views: 2898.2ms | ActiveRecord: 0.0ms)


Started GET "/assets/welcome.self-e3b0c44298fc1c149afbf4c8996fb92427ae41e4649b934ca495991b7852b855.css?body=1" for 75.38.127.138 at 2016-05-10 03:47:43 +0000


Started GET "/assets/jquery.self-660adc51e0224b731d29f575a6f1ec167ba08ad06ed5deca4f1e8654c135bf4c.js?body=1" for 75.38.127.138 at 2016-05-10 03:47:43 +0000


Started GET "/assets/welcome.self-877aef30ae1b040ab8a3aba4e3e309a11d7f2612f44dde450b5c157aa5f95c05.js?body=1" for 75.38.127.138 at 2016-05-10 03:47:43 +0000


Started GET "/assets/application.self-cc3ca7c87208fb62eb3755e18a6791901d01b85baf4776a3b73809ad25256415.css?body=1" for 75.38.127.138 at 2016-05-10 03:47:43 +0000


Started GET "/assets/turbolinks.self-c37727e9bd6b2735da5c311aa83fead54ed0be6cc8bd9a65309e9c5abe2cbfff.js?body=1" for 75.38.127.138 at 2016-05-10 03:47:43 +0000


Started GET "/assets/jquery_ujs.self-e87806d0cf4489aeb1bb7288016024e8de67fd18db693fe026fe3907581e53cd.js?body=1" for 75.38.127.138 at 2016-05-10 03:47:43 +0000


Started GET "/assets/bootstrap.self-d0e973a52d36a01036265aeefaf2d1ae3499d2cb231a9be3bd846432daf231de.js?body=1" for 75.38.127.138 at 2016-05-10 03:47:43 +0000


Started GET "/assets/application.self-f8806224e027f3e3f0138ea9ce99319e298dfdb323304d1f1be6eae8e8c74724.js?body=1" for 75.38.127.138 at 2016-05-10 03:47:43 +0000


Started GET "/users/sign_up" for 75.38.127.138 at 2016-05-10 03:48:09 +0000
Processing by Devise::RegistrationsController#new as HTML
  Rendered /usr/local/rvm/gems/ruby-2.3.0/gems/devise-4.1.0/app/views/devise/shared/_links.html.erb (4.5ms)
  Rendered /usr/local/rvm/gems/ruby-2.3.0/gems/devise-4.1.0/app/views/devise/registrations/new.html.erb within layouts/application (20.1ms)
Completed 200 OK in 93ms (Views: 90.9ms | ActiveRecord: 0.0ms)


Started GET "/users/sign_in" for 75.38.127.138 at 2016-05-10 03:48:13 +0000
Processing by Devise::SessionsController#new as HTML
  Rendered /usr/local/rvm/gems/ruby-2.3.0/gems/devise-4.1.0/app/views/devise/shared/_links.html.erb (9.1ms)
  Rendered /usr/local/rvm/gems/ruby-2.3.0/gems/devise-4.1.0/app/views/devise/sessions/new.html.erb within layouts/application (20.5ms)
Completed 200 OK in 92ms (Views: 89.8ms | ActiveRecord: 0.0ms)


Started GET "/users/sign_up" for 75.38.127.138 at 2016-05-10 03:48:15 +0000
Processing by Devise::RegistrationsController#new as HTML
  Rendered /usr/local/rvm/gems/ruby-2.3.0/gems/devise-4.1.0/app/views/devise/shared/_links.html.erb (4.2ms)
  Rendered /usr/local/rvm/gems/ruby-2.3.0/gems/devise-4.1.0/app/views/devise/registrations/new.html.erb within layouts/application (15.7ms)
Completed 200 OK in 123ms (Views: 121.8ms | ActiveRecord: 0.0ms)


Started GET "/users/sign_up" for 75.38.127.138 at 2016-05-10 03:50:47 +0000
Processing by Devise::RegistrationsController#new as HTML
  Rendered /usr/local/rvm/gems/ruby-2.3.0/gems/devise-4.1.0/app/views/devise/shared/_links.html.erb (4.2ms)
  Rendered /usr/local/rvm/gems/ruby-2.3.0/gems/devise-4.1.0/app/views/devise/registrations/new.html.erb within layouts/application (15.0ms)
Completed 200 OK in 2999ms (Views: 2996.2ms | ActiveRecord: 0.0ms)


Started GET "/assets/application.self-49ae3ddcca3e4c1ff98cbe941f3a8e2d2fe439f98565aa2f867944739eaab417.css?body=1" for 75.38.127.138 at 2016-05-10 03:50:50 +0000


Started GET "/assets/welcome.self-e3b0c44298fc1c149afbf4c8996fb92427ae41e4649b934ca495991b7852b855.css?body=1" for 75.38.127.138 at 2016-05-10 03:50:50 +0000


Started GET "/assets/jquery.self-660adc51e0224b731d29f575a6f1ec167ba08ad06ed5deca4f1e8654c135bf4c.js?body=1" for 75.38.127.138 at 2016-05-10 03:50:50 +0000


Started GET "/assets/bootstrap.self-d0e973a52d36a01036265aeefaf2d1ae3499d2cb231a9be3bd846432daf231de.js?body=1" for 75.38.127.138 at 2016-05-10 03:50:50 +0000


Started GET "/assets/turbolinks.self-c37727e9bd6b2735da5c311aa83fead54ed0be6cc8bd9a65309e9c5abe2cbfff.js?body=1" for 75.38.127.138 at 2016-05-10 03:50:50 +0000


Started GET "/assets/jquery_ujs.self-e87806d0cf4489aeb1bb7288016024e8de67fd18db693fe026fe3907581e53cd.js?body=1" for 75.38.127.138 at 2016-05-10 03:50:50 +0000


Started GET "/assets/welcome.self-877aef30ae1b040ab8a3aba4e3e309a11d7f2612f44dde450b5c157aa5f95c05.js?body=1" for 75.38.127.138 at 2016-05-10 03:50:50 +0000


Started GET "/assets/application.self-f8806224e027f3e3f0138ea9ce99319e298dfdb323304d1f1be6eae8e8c74724.js?body=1" for 75.38.127.138 at 2016-05-10 03:50:50 +0000


Started GET "/users/sign_up" for 75.38.127.138 at 2016-05-10 03:51:14 +0000
Processing by Devise::RegistrationsController#new as HTML
  Rendered /usr/local/rvm/gems/ruby-2.3.0/gems/devise-4.1.0/app/views/devise/shared/_links.html.erb (3.6ms)
  Rendered /usr/local/rvm/gems/ruby-2.3.0/gems/devise-4.1.0/app/views/devise/registrations/new.html.erb within layouts/application (11.7ms)
Completed 200 OK in 75ms (Views: 73.0ms | ActiveRecord: 0.0ms)


Started GET "/users/sign_in" for 75.38.127.138 at 2016-05-10 03:51:14 +0000
Processing by Devise::SessionsController#new as HTML
  Rendered /usr/local/rvm/gems/ruby-2.3.0/gems/devise-4.1.0/app/views/devise/shared/_links.html.erb (11.5ms)
  Rendered /usr/local/rvm/gems/ruby-2.3.0/gems/devise-4.1.0/app/views/devise/sessions/new.html.erb within layouts/application (22.0ms)
Completed 200 OK in 77ms (Views: 75.7ms | ActiveRecord: 0.0ms)


Started GET "/users/sign_up" for 75.38.127.138 at 2016-05-10 03:51:17 +0000
Processing by Devise::RegistrationsController#new as HTML
  Rendered /usr/local/rvm/gems/ruby-2.3.0/gems/devise-4.1.0/app/views/devise/shared/_links.html.erb (3.6ms)
  Rendered /usr/local/rvm/gems/ruby-2.3.0/gems/devise-4.1.0/app/views/devise/registrations/new.html.erb within layouts/application (14.6ms)
Completed 200 OK in 88ms (Views: 86.3ms | ActiveRecord: 0.0ms)


Started GET "/" for 75.38.127.138 at 2016-05-10 03:51:23 +0000
Processing by WelcomeController#index as HTML
  Rendered welcome/index.html.erb within layouts/application (0.1ms)
Completed 200 OK in 90ms (Views: 89.2ms | ActiveRecord: 0.0ms)


Started GET "/" for 75.38.127.138 at 2016-05-10 03:52:13 +0000
Processing by WelcomeController#index as HTML
  Rendered welcome/index.html.erb within layouts/application (0.1ms)
Completed 200 OK in 2408ms (Views: 2406.6ms | ActiveRecord: 0.0ms)


Started GET "/assets/welcome.self-e3b0c44298fc1c149afbf4c8996fb92427ae41e4649b934ca495991b7852b855.css?body=1" for 75.38.127.138 at 2016-05-10 03:52:16 +0000


Started GET "/assets/jquery.self-660adc51e0224b731d29f575a6f1ec167ba08ad06ed5deca4f1e8654c135bf4c.js?body=1" for 75.38.127.138 at 2016-05-10 03:52:16 +0000


Started GET "/assets/application.self-00044b9233865a9b6849acf97e3959d656af06f39316656be088fa2f596fe182.css?body=1" for 75.38.127.138 at 2016-05-10 03:52:16 +0000


Started GET "/assets/turbolinks.self-c37727e9bd6b2735da5c311aa83fead54ed0be6cc8bd9a65309e9c5abe2cbfff.js?body=1" for 75.38.127.138 at 2016-05-10 03:52:16 +0000


Started GET "/assets/jquery_ujs.self-e87806d0cf4489aeb1bb7288016024e8de67fd18db693fe026fe3907581e53cd.js?body=1" for 75.38.127.138 at 2016-05-10 03:52:16 +0000


Started GET "/assets/bootstrap.self-d0e973a52d36a01036265aeefaf2d1ae3499d2cb231a9be3bd846432daf231de.js?body=1" for 75.38.127.138 at 2016-05-10 03:52:16 +0000


Started GET "/assets/welcome.self-877aef30ae1b040ab8a3aba4e3e309a11d7f2612f44dde450b5c157aa5f95c05.js?body=1" for 75.38.127.138 at 2016-05-10 03:52:16 +0000


Started GET "/assets/application.self-f8806224e027f3e3f0138ea9ce99319e298dfdb323304d1f1be6eae8e8c74724.js?body=1" for 75.38.127.138 at 2016-05-10 03:52:16 +0000


Started GET "/" for 75.38.127.138 at 2016-05-11 01:10:08 +0000
  [1m[36mActiveRecord::SchemaMigration Load (0.2ms)[0m  [1mSELECT "schema_migrations".* FROM "schema_migrations"[0m
Processing by WelcomeController#index as HTML
  Rendered welcome/index.html.erb within layouts/application (6.1ms)
Completed 200 OK in 506ms (Views: 480.5ms | ActiveRecord: 0.0ms)


Started GET "/users/sign_up" for 75.38.127.138 at 2016-05-11 01:10:12 +0000
Processing by Devise::RegistrationsController#new as HTML
  Rendered devise/registrations/new.html.erb within layouts/application (2.4ms)
Completed 500 Internal Server Error in 60ms (ActiveRecord: 2.9ms)

SyntaxError (/home/ubuntu/workspace/app/views/devise/registrations/new.html.erb:10: syntax error, unexpected '='
...:email, autofocus: true, class="form-control" placeholder="E...
...                               ^
/home/ubuntu/workspace/app/views/devise/registrations/new.html.erb:10: syntax error, unexpected tIDENTIFIER, expecting ')'
...lass="form-control" placeholder="Email" );@output_buffer.saf...
...                               ^):
  app/views/devise/registrations/new.html.erb:10: syntax error, unexpected '='
  app/views/devise/registrations/new.html.erb:10: syntax error, unexpected tIDENTIFIER, expecting ')'


  Rendered /usr/local/rvm/gems/ruby-2.3.0/gems/actionpack-4.2.5/lib/action_dispatch/middleware/templates/rescues/_source.erb (18.6ms)
  Rendered /usr/local/rvm/gems/ruby-2.3.0/gems/actionpack-4.2.5/lib/action_dispatch/middleware/templates/rescues/_trace.html.erb (6.2ms)
  Rendered /usr/local/rvm/gems/ruby-2.3.0/gems/actionpack-4.2.5/lib/action_dispatch/middleware/templates/rescues/_request_and_response.html.erb (2.3ms)
  Rendered /usr/local/rvm/gems/ruby-2.3.0/gems/actionpack-4.2.5/lib/action_dispatch/middleware/templates/rescues/diagnostics.html.erb within rescues/layout (93.0ms)


Started GET "/users/sign_up" for 75.38.127.138 at 2016-05-11 01:10:13 +0000
Processing by Devise::RegistrationsController#new as HTML
  Rendered devise/registrations/new.html.erb within layouts/application (1.2ms)
Completed 500 Internal Server Error in 10ms (ActiveRecord: 0.0ms)

SyntaxError (/home/ubuntu/workspace/app/views/devise/registrations/new.html.erb:10: syntax error, unexpected '='
...:email, autofocus: true, class="form-control" placeholder="E...
...                               ^
/home/ubuntu/workspace/app/views/devise/registrations/new.html.erb:10: syntax error, unexpected tIDENTIFIER, expecting ')'
...lass="form-control" placeholder="Email" );@output_buffer.saf...
...                               ^):
  app/views/devise/registrations/new.html.erb:10: syntax error, unexpected '='
  app/views/devise/registrations/new.html.erb:10: syntax error, unexpected tIDENTIFIER, expecting ')'


  Rendered /usr/local/rvm/gems/ruby-2.3.0/gems/actionpack-4.2.5/lib/action_dispatch/middleware/templates/rescues/_source.erb (33.4ms)
  Rendered /usr/local/rvm/gems/ruby-2.3.0/gems/actionpack-4.2.5/lib/action_dispatch/middleware/templates/rescues/_trace.html.erb (5.2ms)
  Rendered /usr/local/rvm/gems/ruby-2.3.0/gems/actionpack-4.2.5/lib/action_dispatch/middleware/templates/rescues/_request_and_response.html.erb (1.6ms)
  Rendered /usr/local/rvm/gems/ruby-2.3.0/gems/actionpack-4.2.5/lib/action_dispatch/middleware/templates/rescues/diagnostics.html.erb within rescues/layout (108.0ms)


Started GET "/users/sign_up" for 75.38.127.138 at 2016-05-11 01:11:42 +0000
Processing by Devise::RegistrationsController#new as HTML
  Rendered devise/registrations/new.html.erb within layouts/application (2.3ms)
Completed 500 Internal Server Error in 20ms (ActiveRecord: 0.0ms)

SyntaxError (/home/ubuntu/workspace/app/views/devise/registrations/new.html.erb:10: syntax error, unexpected '='
...:email, autofocus: true, class="form-control", placeholder="...
...                               ^
/home/ubuntu/workspace/app/views/devise/registrations/new.html.erb:10: syntax error, unexpected ',', expecting ')'
...us: true, class="form-control", placeholder="Email" );@outpu...
...                               ^):
  app/views/devise/registrations/new.html.erb:10: syntax error, unexpected '='
  app/views/devise/registrations/new.html.erb:10: syntax error, unexpected ',', expecting ')'


  Rendered /usr/local/rvm/gems/ruby-2.3.0/gems/actionpack-4.2.5/lib/action_dispatch/middleware/templates/rescues/_source.erb (9.8ms)
  Rendered /usr/local/rvm/gems/ruby-2.3.0/gems/actionpack-4.2.5/lib/action_dispatch/middleware/templates/rescues/_trace.html.erb (4.9ms)
  Rendered /usr/local/rvm/gems/ruby-2.3.0/gems/actionpack-4.2.5/lib/action_dispatch/middleware/templates/rescues/_request_and_response.html.erb (1.5ms)
  Rendered /usr/local/rvm/gems/ruby-2.3.0/gems/actionpack-4.2.5/lib/action_dispatch/middleware/templates/rescues/diagnostics.html.erb within rescues/layout (94.2ms)


Started GET "/users/sign_up" for 75.38.127.138 at 2016-05-11 01:13:02 +0000
Processing by Devise::RegistrationsController#new as HTML
  Rendered devise/shared/_links.html.erb (10.2ms)
  Rendered devise/registrations/new.html.erb within layouts/application (135.7ms)
Completed 200 OK in 201ms (Views: 199.2ms | ActiveRecord: 0.0ms)


Started GET "/assets/welcome.self-e3b0c44298fc1c149afbf4c8996fb92427ae41e4649b934ca495991b7852b855.css?body=1" for 75.38.127.138 at 2016-05-11 01:13:03 +0000


Started GET "/assets/application.self-00044b9233865a9b6849acf97e3959d656af06f39316656be088fa2f596fe182.css?body=1" for 75.38.127.138 at 2016-05-11 01:13:03 +0000


Started GET "/assets/jquery.self-660adc51e0224b731d29f575a6f1ec167ba08ad06ed5deca4f1e8654c135bf4c.js?body=1" for 75.38.127.138 at 2016-05-11 01:13:03 +0000


Started GET "/assets/jquery_ujs.self-e87806d0cf4489aeb1bb7288016024e8de67fd18db693fe026fe3907581e53cd.js?body=1" for 75.38.127.138 at 2016-05-11 01:13:03 +0000


Started GET "/assets/bootstrap.self-d0e973a52d36a01036265aeefaf2d1ae3499d2cb231a9be3bd846432daf231de.js?body=1" for 75.38.127.138 at 2016-05-11 01:13:03 +0000


Started GET "/assets/turbolinks.self-c37727e9bd6b2735da5c311aa83fead54ed0be6cc8bd9a65309e9c5abe2cbfff.js?body=1" for 75.38.127.138 at 2016-05-11 01:13:03 +0000


Started GET "/assets/welcome.self-877aef30ae1b040ab8a3aba4e3e309a11d7f2612f44dde450b5c157aa5f95c05.js?body=1" for 75.38.127.138 at 2016-05-11 01:13:03 +0000


Started GET "/assets/application.self-f8806224e027f3e3f0138ea9ce99319e298dfdb323304d1f1be6eae8e8c74724.js?body=1" for 75.38.127.138 at 2016-05-11 01:13:03 +0000


Started GET "/users/sign_up" for 75.38.127.138 at 2016-05-11 01:13:40 +0000
Processing by Devise::RegistrationsController#new as HTML
  Rendered devise/shared/_links.html.erb (2.5ms)
  Rendered devise/registrations/new.html.erb within layouts/application (11.4ms)
Completed 200 OK in 100ms (Views: 98.7ms | ActiveRecord: 0.0ms)


Started GET "/assets/welcome.self-e3b0c44298fc1c149afbf4c8996fb92427ae41e4649b934ca495991b7852b855.css?body=1" for 75.38.127.138 at 2016-05-11 01:13:41 +0000


Started GET "/assets/application.self-00044b9233865a9b6849acf97e3959d656af06f39316656be088fa2f596fe182.css?body=1" for 75.38.127.138 at 2016-05-11 01:13:41 +0000


Started GET "/assets/jquery_ujs.self-e87806d0cf4489aeb1bb7288016024e8de67fd18db693fe026fe3907581e53cd.js?body=1" for 75.38.127.138 at 2016-05-11 01:13:41 +0000


Started GET "/assets/jquery.self-660adc51e0224b731d29f575a6f1ec167ba08ad06ed5deca4f1e8654c135bf4c.js?body=1" for 75.38.127.138 at 2016-05-11 01:13:41 +0000


Started GET "/assets/turbolinks.self-c37727e9bd6b2735da5c311aa83fead54ed0be6cc8bd9a65309e9c5abe2cbfff.js?body=1" for 75.38.127.138 at 2016-05-11 01:13:41 +0000


Started GET "/assets/bootstrap.self-d0e973a52d36a01036265aeefaf2d1ae3499d2cb231a9be3bd846432daf231de.js?body=1" for 75.38.127.138 at 2016-05-11 01:13:41 +0000


Started GET "/assets/welcome.self-877aef30ae1b040ab8a3aba4e3e309a11d7f2612f44dde450b5c157aa5f95c05.js?body=1" for 75.38.127.138 at 2016-05-11 01:13:41 +0000


Started GET "/assets/application.self-f8806224e027f3e3f0138ea9ce99319e298dfdb323304d1f1be6eae8e8c74724.js?body=1" for 75.38.127.138 at 2016-05-11 01:13:41 +0000


Started GET "/users/sign_up" for 75.38.127.138 at 2016-05-11 01:14:07 +0000
Processing by Devise::RegistrationsController#new as HTML
  Rendered devise/shared/_links.html.erb (4.4ms)
  Rendered devise/registrations/new.html.erb within layouts/application (15.2ms)
Completed 200 OK in 153ms (Views: 151.5ms | ActiveRecord: 0.0ms)


Started GET "/assets/welcome.self-e3b0c44298fc1c149afbf4c8996fb92427ae41e4649b934ca495991b7852b855.css?body=1" for 75.38.127.138 at 2016-05-11 01:14:08 +0000


Started GET "/assets/jquery.self-660adc51e0224b731d29f575a6f1ec167ba08ad06ed5deca4f1e8654c135bf4c.js?body=1" for 75.38.127.138 at 2016-05-11 01:14:08 +0000


Started GET "/assets/application.self-00044b9233865a9b6849acf97e3959d656af06f39316656be088fa2f596fe182.css?body=1" for 75.38.127.138 at 2016-05-11 01:14:08 +0000


Started GET "/assets/jquery_ujs.self-e87806d0cf4489aeb1bb7288016024e8de67fd18db693fe026fe3907581e53cd.js?body=1" for 75.38.127.138 at 2016-05-11 01:14:08 +0000


Started GET "/assets/turbolinks.self-c37727e9bd6b2735da5c311aa83fead54ed0be6cc8bd9a65309e9c5abe2cbfff.js?body=1" for 75.38.127.138 at 2016-05-11 01:14:08 +0000


Started GET "/assets/bootstrap.self-d0e973a52d36a01036265aeefaf2d1ae3499d2cb231a9be3bd846432daf231de.js?body=1" for 75.38.127.138 at 2016-05-11 01:14:08 +0000


Started GET "/assets/welcome.self-877aef30ae1b040ab8a3aba4e3e309a11d7f2612f44dde450b5c157aa5f95c05.js?body=1" for 75.38.127.138 at 2016-05-11 01:14:08 +0000


Started GET "/assets/application.self-f8806224e027f3e3f0138ea9ce99319e298dfdb323304d1f1be6eae8e8c74724.js?body=1" for 75.38.127.138 at 2016-05-11 01:14:08 +0000


Started GET "/users/sign_up" for 75.38.127.138 at 2016-05-11 01:15:25 +0000
Processing by Devise::RegistrationsController#new as HTML
  Rendered devise/registrations/new.html.erb within layouts/application (43.4ms)
Completed 500 Internal Server Error in 51ms (ActiveRecord: 0.0ms)

ActionView::Template::Error (undefined method `username' for #<ActionView::Helpers::FormBuilder:0x007fb28a39a6e0>):
    14:     <div class="form-group">
    15:       <label class="col-sm-2 control-label"><%= f.label :username %></label>
    16:       <div class="col-sm-10">
    17:       <%= f.username :username, class: "form-control", placeholder: "Username" %>
    18:       </div>
    19:     </div>
    20:   
  app/views/devise/registrations/new.html.erb:17:in `block in _app_views_devise_registrations_new_html_erb__2201440560711250397_70202400146460'
  app/views/devise/registrations/new.html.erb:3:in `_app_views_devise_registrations_new_html_erb__2201440560711250397_70202400146460'


  Rendered /usr/local/rvm/gems/ruby-2.3.0/gems/actionpack-4.2.5/lib/action_dispatch/middleware/templates/rescues/_source.erb (23.0ms)
  Rendered /usr/local/rvm/gems/ruby-2.3.0/gems/actionpack-4.2.5/lib/action_dispatch/middleware/templates/rescues/_trace.html.erb (4.6ms)
  Rendered /usr/local/rvm/gems/ruby-2.3.0/gems/actionpack-4.2.5/lib/action_dispatch/middleware/templates/rescues/_request_and_response.html.erb (1.4ms)
  Rendered /usr/local/rvm/gems/ruby-2.3.0/gems/actionpack-4.2.5/lib/action_dispatch/middleware/templates/rescues/template_error.html.erb within rescues/layout (96.9ms)


Started GET "/users/sign_up" for 75.38.127.138 at 2016-05-11 01:16:23 +0000
Processing by Devise::RegistrationsController#new as HTML
  Rendered devise/registrations/new.html.erb within layouts/application (47.3ms)
Completed 500 Internal Server Error in 56ms (ActiveRecord: 0.0ms)

ActionView::Template::Error (undefined method `username_field' for #<ActionView::Helpers::FormBuilder:0x00000002bcd200>):
    14:     <div class="form-group">
    15:       <label class="col-sm-2 control-label"><%= f.label :username %></label>
    16:       <div class="col-sm-10">
    17:       <%= f.username_field :username, class: "form-control", placeholder: "Username" %>
    18:       </div>
    19:     </div>
    20:   
  app/views/devise/registrations/new.html.erb:17:in `block in _app_views_devise_registrations_new_html_erb__2201440560711250397_23950660'
  app/views/devise/registrations/new.html.erb:3:in `_app_views_devise_registrations_new_html_erb__2201440560711250397_23950660'


  Rendered /usr/local/rvm/gems/ruby-2.3.0/gems/actionpack-4.2.5/lib/action_dispatch/middleware/templates/rescues/_source.erb (10.8ms)
  Rendered /usr/local/rvm/gems/ruby-2.3.0/gems/actionpack-4.2.5/lib/action_dispatch/middleware/templates/rescues/_trace.html.erb (3.4ms)
  Rendered /usr/local/rvm/gems/ruby-2.3.0/gems/actionpack-4.2.5/lib/action_dispatch/middleware/templates/rescues/_request_and_response.html.erb (3.7ms)
  Rendered /usr/local/rvm/gems/ruby-2.3.0/gems/actionpack-4.2.5/lib/action_dispatch/middleware/templates/rescues/template_error.html.erb within rescues/layout (85.0ms)


Started GET "/users/sign_up" for 75.38.127.138 at 2016-05-11 01:20:19 +0000
Processing by Devise::RegistrationsController#new as HTML
  Rendered devise/shared/_links.html.erb (5.1ms)
  Rendered devise/registrations/new.html.erb within layouts/application (17.8ms)
Completed 200 OK in 73ms (Views: 70.8ms | ActiveRecord: 0.0ms)


Started GET "/assets/welcome.self-e3b0c44298fc1c149afbf4c8996fb92427ae41e4649b934ca495991b7852b855.css?body=1" for 75.38.127.138 at 2016-05-11 01:20:19 +0000


Started GET "/assets/application.self-00044b9233865a9b6849acf97e3959d656af06f39316656be088fa2f596fe182.css?body=1" for 75.38.127.138 at 2016-05-11 01:20:19 +0000


Started GET "/assets/jquery.self-660adc51e0224b731d29f575a6f1ec167ba08ad06ed5deca4f1e8654c135bf4c.js?body=1" for 75.38.127.138 at 2016-05-11 01:20:19 +0000


Started GET "/assets/turbolinks.self-c37727e9bd6b2735da5c311aa83fead54ed0be6cc8bd9a65309e9c5abe2cbfff.js?body=1" for 75.38.127.138 at 2016-05-11 01:20:19 +0000


Started GET "/assets/jquery_ujs.self-e87806d0cf4489aeb1bb7288016024e8de67fd18db693fe026fe3907581e53cd.js?body=1" for 75.38.127.138 at 2016-05-11 01:20:19 +0000


Started GET "/assets/bootstrap.self-d0e973a52d36a01036265aeefaf2d1ae3499d2cb231a9be3bd846432daf231de.js?body=1" for 75.38.127.138 at 2016-05-11 01:20:19 +0000


Started GET "/assets/welcome.self-877aef30ae1b040ab8a3aba4e3e309a11d7f2612f44dde450b5c157aa5f95c05.js?body=1" for 75.38.127.138 at 2016-05-11 01:20:19 +0000


Started GET "/assets/application.self-f8806224e027f3e3f0138ea9ce99319e298dfdb323304d1f1be6eae8e8c74724.js?body=1" for 75.38.127.138 at 2016-05-11 01:20:19 +0000


Started GET "/users/sign_up" for 75.38.127.138 at 2016-05-11 01:22:25 +0000
Processing by Devise::RegistrationsController#new as HTML
  Rendered devise/shared/_links.html.erb (2.2ms)
  Rendered devise/registrations/new.html.erb within layouts/application (13.6ms)
Completed 200 OK in 68ms (Views: 65.8ms | ActiveRecord: 0.0ms)


Started GET "/assets/welcome.self-e3b0c44298fc1c149afbf4c8996fb92427ae41e4649b934ca495991b7852b855.css?body=1" for 75.38.127.138 at 2016-05-11 01:22:25 +0000


Started GET "/assets/application.self-00044b9233865a9b6849acf97e3959d656af06f39316656be088fa2f596fe182.css?body=1" for 75.38.127.138 at 2016-05-11 01:22:25 +0000


Started GET "/assets/jquery_ujs.self-e87806d0cf4489aeb1bb7288016024e8de67fd18db693fe026fe3907581e53cd.js?body=1" for 75.38.127.138 at 2016-05-11 01:22:25 +0000


Started GET "/assets/jquery.self-660adc51e0224b731d29f575a6f1ec167ba08ad06ed5deca4f1e8654c135bf4c.js?body=1" for 75.38.127.138 at 2016-05-11 01:22:25 +0000


Started GET "/assets/turbolinks.self-c37727e9bd6b2735da5c311aa83fead54ed0be6cc8bd9a65309e9c5abe2cbfff.js?body=1" for 75.38.127.138 at 2016-05-11 01:22:25 +0000


Started GET "/assets/welcome.self-877aef30ae1b040ab8a3aba4e3e309a11d7f2612f44dde450b5c157aa5f95c05.js?body=1" for 75.38.127.138 at 2016-05-11 01:22:25 +0000


Started GET "/assets/bootstrap.self-d0e973a52d36a01036265aeefaf2d1ae3499d2cb231a9be3bd846432daf231de.js?body=1" for 75.38.127.138 at 2016-05-11 01:22:25 +0000


Started GET "/assets/application.self-f8806224e027f3e3f0138ea9ce99319e298dfdb323304d1f1be6eae8e8c74724.js?body=1" for 75.38.127.138 at 2016-05-11 01:22:26 +0000


Started GET "/users/sign_up" for 75.38.127.138 at 2016-05-11 01:23:42 +0000
Processing by Devise::RegistrationsController#new as HTML
  Rendered devise/shared/_links.html.erb (2.9ms)
  Rendered devise/registrations/new.html.erb within layouts/application (13.9ms)
Completed 200 OK in 2562ms (Views: 2560.0ms | ActiveRecord: 0.0ms)


Started GET "/assets/welcome.self-e3b0c44298fc1c149afbf4c8996fb92427ae41e4649b934ca495991b7852b855.css?body=1" for 75.38.127.138 at 2016-05-11 01:23:45 +0000


Started GET "/assets/application.self-76bf0ed59f8ed1c0559b62bb7008b0582236e0d6745f3f71bf6b8ad04a067def.css?body=1" for 75.38.127.138 at 2016-05-11 01:23:45 +0000


Started GET "/assets/jquery.self-660adc51e0224b731d29f575a6f1ec167ba08ad06ed5deca4f1e8654c135bf4c.js?body=1" for 75.38.127.138 at 2016-05-11 01:23:45 +0000


Started GET "/assets/jquery_ujs.self-e87806d0cf4489aeb1bb7288016024e8de67fd18db693fe026fe3907581e53cd.js?body=1" for 75.38.127.138 at 2016-05-11 01:23:45 +0000


Started GET "/assets/turbolinks.self-c37727e9bd6b2735da5c311aa83fead54ed0be6cc8bd9a65309e9c5abe2cbfff.js?body=1" for 75.38.127.138 at 2016-05-11 01:23:45 +0000


Started GET "/assets/bootstrap.self-d0e973a52d36a01036265aeefaf2d1ae3499d2cb231a9be3bd846432daf231de.js?body=1" for 75.38.127.138 at 2016-05-11 01:23:45 +0000


Started GET "/assets/welcome.self-877aef30ae1b040ab8a3aba4e3e309a11d7f2612f44dde450b5c157aa5f95c05.js?body=1" for 75.38.127.138 at 2016-05-11 01:23:45 +0000


Started GET "/assets/application.self-f8806224e027f3e3f0138ea9ce99319e298dfdb323304d1f1be6eae8e8c74724.js?body=1" for 75.38.127.138 at 2016-05-11 01:23:45 +0000


Started GET "/users/sign_up" for 75.38.127.138 at 2016-05-11 01:26:00 +0000
Processing by Devise::RegistrationsController#new as HTML
  Rendered devise/shared/_links.html.erb (4.9ms)
  Rendered devise/registrations/new.html.erb within layouts/application (26.9ms)
Completed 200 OK in 96ms (Views: 92.7ms | ActiveRecord: 0.0ms)


Started GET "/assets/welcome.self-e3b0c44298fc1c149afbf4c8996fb92427ae41e4649b934ca495991b7852b855.css?body=1" for 75.38.127.138 at 2016-05-11 01:26:00 +0000


Started GET "/assets/application.self-76bf0ed59f8ed1c0559b62bb7008b0582236e0d6745f3f71bf6b8ad04a067def.css?body=1" for 75.38.127.138 at 2016-05-11 01:26:01 +0000


Started GET "/assets/jquery.self-660adc51e0224b731d29f575a6f1ec167ba08ad06ed5deca4f1e8654c135bf4c.js?body=1" for 75.38.127.138 at 2016-05-11 01:26:01 +0000


Started GET "/assets/welcome.self-877aef30ae1b040ab8a3aba4e3e309a11d7f2612f44dde450b5c157aa5f95c05.js?body=1" for 75.38.127.138 at 2016-05-11 01:26:01 +0000


Started GET "/assets/turbolinks.self-c37727e9bd6b2735da5c311aa83fead54ed0be6cc8bd9a65309e9c5abe2cbfff.js?body=1" for 75.38.127.138 at 2016-05-11 01:26:01 +0000


Started GET "/assets/jquery_ujs.self-e87806d0cf4489aeb1bb7288016024e8de67fd18db693fe026fe3907581e53cd.js?body=1" for 75.38.127.138 at 2016-05-11 01:26:01 +0000


Started GET "/assets/bootstrap.self-d0e973a52d36a01036265aeefaf2d1ae3499d2cb231a9be3bd846432daf231de.js?body=1" for 75.38.127.138 at 2016-05-11 01:26:01 +0000


Started GET "/assets/application.self-f8806224e027f3e3f0138ea9ce99319e298dfdb323304d1f1be6eae8e8c74724.js?body=1" for 75.38.127.138 at 2016-05-11 01:26:01 +0000


Started GET "/users/sign_up" for 75.38.127.138 at 2016-05-11 01:26:36 +0000
Processing by Devise::RegistrationsController#new as HTML
  Rendered devise/shared/_links.html.erb (3.6ms)
  Rendered devise/registrations/new.html.erb within layouts/application (16.6ms)
Completed 200 OK in 76ms (Views: 71.2ms | ActiveRecord: 0.0ms)


Started GET "/assets/welcome.self-e3b0c44298fc1c149afbf4c8996fb92427ae41e4649b934ca495991b7852b855.css?body=1" for 75.38.127.138 at 2016-05-11 01:26:36 +0000


Started GET "/assets/application.self-76bf0ed59f8ed1c0559b62bb7008b0582236e0d6745f3f71bf6b8ad04a067def.css?body=1" for 75.38.127.138 at 2016-05-11 01:26:36 +0000


Started GET "/assets/jquery.self-660adc51e0224b731d29f575a6f1ec167ba08ad06ed5deca4f1e8654c135bf4c.js?body=1" for 75.38.127.138 at 2016-05-11 01:26:36 +0000


Started GET "/assets/jquery_ujs.self-e87806d0cf4489aeb1bb7288016024e8de67fd18db693fe026fe3907581e53cd.js?body=1" for 75.38.127.138 at 2016-05-11 01:26:36 +0000


Started GET "/assets/bootstrap.self-d0e973a52d36a01036265aeefaf2d1ae3499d2cb231a9be3bd846432daf231de.js?body=1" for 75.38.127.138 at 2016-05-11 01:26:36 +0000


Started GET "/assets/welcome.self-877aef30ae1b040ab8a3aba4e3e309a11d7f2612f44dde450b5c157aa5f95c05.js?body=1" for 75.38.127.138 at 2016-05-11 01:26:36 +0000


Started GET "/assets/turbolinks.self-c37727e9bd6b2735da5c311aa83fead54ed0be6cc8bd9a65309e9c5abe2cbfff.js?body=1" for 75.38.127.138 at 2016-05-11 01:26:36 +0000


Started GET "/assets/application.self-f8806224e027f3e3f0138ea9ce99319e298dfdb323304d1f1be6eae8e8c74724.js?body=1" for 75.38.127.138 at 2016-05-11 01:26:36 +0000


Started GET "/" for 75.38.127.138 at 2016-05-11 01:26:49 +0000
Processing by WelcomeController#index as HTML
  Rendered welcome/index.html.erb within layouts/application (0.3ms)
Completed 200 OK in 153ms (Views: 151.8ms | ActiveRecord: 0.0ms)


Started GET "/users/sign_up" for 75.38.127.138 at 2016-05-11 01:26:53 +0000
Processing by Devise::RegistrationsController#new as HTML
  Rendered devise/shared/_links.html.erb (4.1ms)
  Rendered devise/registrations/new.html.erb within layouts/application (13.0ms)
Completed 200 OK in 77ms (Views: 75.0ms | ActiveRecord: 0.0ms)


Started GET "/users/sign_up" for 75.38.127.138 at 2016-05-11 01:27:42 +0000
Processing by Devise::RegistrationsController#new as HTML
  Rendered devise/shared/_links.html.erb (3.4ms)
  Rendered devise/registrations/new.html.erb within layouts/application (13.2ms)
Completed 200 OK in 85ms (Views: 82.4ms | ActiveRecord: 0.0ms)


Started GET "/assets/application.self-76bf0ed59f8ed1c0559b62bb7008b0582236e0d6745f3f71bf6b8ad04a067def.css?body=1" for 75.38.127.138 at 2016-05-11 01:27:42 +0000


Started GET "/assets/jquery.self-660adc51e0224b731d29f575a6f1ec167ba08ad06ed5deca4f1e8654c135bf4c.js?body=1" for 75.38.127.138 at 2016-05-11 01:27:42 +0000


Started GET "/assets/welcome.self-e3b0c44298fc1c149afbf4c8996fb92427ae41e4649b934ca495991b7852b855.css?body=1" for 75.38.127.138 at 2016-05-11 01:27:42 +0000


Started GET "/assets/jquery_ujs.self-e87806d0cf4489aeb1bb7288016024e8de67fd18db693fe026fe3907581e53cd.js?body=1" for 75.38.127.138 at 2016-05-11 01:27:42 +0000


Started GET "/assets/turbolinks.self-c37727e9bd6b2735da5c311aa83fead54ed0be6cc8bd9a65309e9c5abe2cbfff.js?body=1" for 75.38.127.138 at 2016-05-11 01:27:42 +0000


Started GET "/assets/bootstrap.self-d0e973a52d36a01036265aeefaf2d1ae3499d2cb231a9be3bd846432daf231de.js?body=1" for 75.38.127.138 at 2016-05-11 01:27:43 +0000


Started GET "/assets/application.self-f8806224e027f3e3f0138ea9ce99319e298dfdb323304d1f1be6eae8e8c74724.js?body=1" for 75.38.127.138 at 2016-05-11 01:27:43 +0000


Started GET "/assets/welcome.self-877aef30ae1b040ab8a3aba4e3e309a11d7f2612f44dde450b5c157aa5f95c05.js?body=1" for 75.38.127.138 at 2016-05-11 01:27:43 +0000


Started GET "/users/sign_up" for 75.38.127.138 at 2016-05-11 01:28:04 +0000
Processing by Devise::RegistrationsController#new as HTML
  Rendered devise/registrations/new.html.erb within layouts/application (10.1ms)
Completed 200 OK in 109ms (Views: 106.9ms | ActiveRecord: 0.0ms)


Started GET "/assets/application.self-76bf0ed59f8ed1c0559b62bb7008b0582236e0d6745f3f71bf6b8ad04a067def.css?body=1" for 75.38.127.138 at 2016-05-11 01:28:05 +0000


Started GET "/assets/welcome.self-e3b0c44298fc1c149afbf4c8996fb92427ae41e4649b934ca495991b7852b855.css?body=1" for 75.38.127.138 at 2016-05-11 01:28:05 +0000


Started GET "/assets/jquery.self-660adc51e0224b731d29f575a6f1ec167ba08ad06ed5deca4f1e8654c135bf4c.js?body=1" for 75.38.127.138 at 2016-05-11 01:28:05 +0000


Started GET "/assets/jquery_ujs.self-e87806d0cf4489aeb1bb7288016024e8de67fd18db693fe026fe3907581e53cd.js?body=1" for 75.38.127.138 at 2016-05-11 01:28:05 +0000


Started GET "/assets/turbolinks.self-c37727e9bd6b2735da5c311aa83fead54ed0be6cc8bd9a65309e9c5abe2cbfff.js?body=1" for 75.38.127.138 at 2016-05-11 01:28:05 +0000


Started GET "/assets/bootstrap.self-d0e973a52d36a01036265aeefaf2d1ae3499d2cb231a9be3bd846432daf231de.js?body=1" for 75.38.127.138 at 2016-05-11 01:28:05 +0000


Started GET "/assets/application.self-f8806224e027f3e3f0138ea9ce99319e298dfdb323304d1f1be6eae8e8c74724.js?body=1" for 75.38.127.138 at 2016-05-11 01:28:05 +0000


Started GET "/assets/welcome.self-877aef30ae1b040ab8a3aba4e3e309a11d7f2612f44dde450b5c157aa5f95c05.js?body=1" for 75.38.127.138 at 2016-05-11 01:28:05 +0000


Started GET "/users/sign_up" for 75.38.127.138 at 2016-05-11 01:29:00 +0000
Processing by Devise::RegistrationsController#new as HTML
  Rendered devise/registrations/new.html.erb within layouts/application (10.4ms)
Completed 200 OK in 2706ms (Views: 2703.9ms | ActiveRecord: 0.0ms)


Started GET "/assets/welcome.self-e3b0c44298fc1c149afbf4c8996fb92427ae41e4649b934ca495991b7852b855.css?body=1" for 75.38.127.138 at 2016-05-11 01:29:03 +0000


Started GET "/assets/application.self-ede7ef9adeed2b084ac08420134c5140e66d22596a0cfaf2cf30ab2dfb0e44d2.css?body=1" for 75.38.127.138 at 2016-05-11 01:29:04 +0000


Started GET "/assets/jquery.self-660adc51e0224b731d29f575a6f1ec167ba08ad06ed5deca4f1e8654c135bf4c.js?body=1" for 75.38.127.138 at 2016-05-11 01:29:04 +0000


Started GET "/assets/jquery_ujs.self-e87806d0cf4489aeb1bb7288016024e8de67fd18db693fe026fe3907581e53cd.js?body=1" for 75.38.127.138 at 2016-05-11 01:29:04 +0000


Started GET "/assets/bootstrap.self-d0e973a52d36a01036265aeefaf2d1ae3499d2cb231a9be3bd846432daf231de.js?body=1" for 75.38.127.138 at 2016-05-11 01:29:04 +0000


Started GET "/assets/welcome.self-877aef30ae1b040ab8a3aba4e3e309a11d7f2612f44dde450b5c157aa5f95c05.js?body=1" for 75.38.127.138 at 2016-05-11 01:29:04 +0000


Started GET "/assets/turbolinks.self-c37727e9bd6b2735da5c311aa83fead54ed0be6cc8bd9a65309e9c5abe2cbfff.js?body=1" for 75.38.127.138 at 2016-05-11 01:29:04 +0000


Started GET "/assets/application.self-f8806224e027f3e3f0138ea9ce99319e298dfdb323304d1f1be6eae8e8c74724.js?body=1" for 75.38.127.138 at 2016-05-11 01:29:04 +0000


Started GET "/users/sign_up" for 75.38.127.138 at 2016-05-11 01:30:36 +0000
Processing by Devise::RegistrationsController#new as HTML
  Rendered devise/registrations/new.html.erb within layouts/application (14.6ms)
Completed 200 OK in 177ms (Views: 173.7ms | ActiveRecord: 0.0ms)


Started GET "/assets/welcome.self-e3b0c44298fc1c149afbf4c8996fb92427ae41e4649b934ca495991b7852b855.css?body=1" for 75.38.127.138 at 2016-05-11 01:30:37 +0000


Started GET "/assets/application.self-ede7ef9adeed2b084ac08420134c5140e66d22596a0cfaf2cf30ab2dfb0e44d2.css?body=1" for 75.38.127.138 at 2016-05-11 01:30:37 +0000


Started GET "/assets/jquery_ujs.self-e87806d0cf4489aeb1bb7288016024e8de67fd18db693fe026fe3907581e53cd.js?body=1" for 75.38.127.138 at 2016-05-11 01:30:37 +0000


Started GET "/assets/turbolinks.self-c37727e9bd6b2735da5c311aa83fead54ed0be6cc8bd9a65309e9c5abe2cbfff.js?body=1" for 75.38.127.138 at 2016-05-11 01:30:37 +0000


Started GET "/assets/bootstrap.self-d0e973a52d36a01036265aeefaf2d1ae3499d2cb231a9be3bd846432daf231de.js?body=1" for 75.38.127.138 at 2016-05-11 01:30:37 +0000


Started GET "/assets/jquery.self-660adc51e0224b731d29f575a6f1ec167ba08ad06ed5deca4f1e8654c135bf4c.js?body=1" for 75.38.127.138 at 2016-05-11 01:30:37 +0000


Started GET "/assets/welcome.self-877aef30ae1b040ab8a3aba4e3e309a11d7f2612f44dde450b5c157aa5f95c05.js?body=1" for 75.38.127.138 at 2016-05-11 01:30:37 +0000


Started GET "/assets/application.self-f8806224e027f3e3f0138ea9ce99319e298dfdb323304d1f1be6eae8e8c74724.js?body=1" for 75.38.127.138 at 2016-05-11 01:30:37 +0000


Started GET "/users/sign_up" for 75.38.127.138 at 2016-05-11 01:31:21 +0000
Processing by Devise::RegistrationsController#new as HTML
  Rendered devise/registrations/new.html.erb within layouts/application (13.0ms)
Completed 200 OK in 174ms (Views: 171.9ms | ActiveRecord: 0.0ms)


Started GET "/assets/application.self-ede7ef9adeed2b084ac08420134c5140e66d22596a0cfaf2cf30ab2dfb0e44d2.css?body=1" for 75.38.127.138 at 2016-05-11 01:31:22 +0000


Started GET "/assets/jquery.self-660adc51e0224b731d29f575a6f1ec167ba08ad06ed5deca4f1e8654c135bf4c.js?body=1" for 75.38.127.138 at 2016-05-11 01:31:22 +0000


Started GET "/assets/welcome.self-e3b0c44298fc1c149afbf4c8996fb92427ae41e4649b934ca495991b7852b855.css?body=1" for 75.38.127.138 at 2016-05-11 01:31:22 +0000


Started GET "/assets/bootstrap.self-d0e973a52d36a01036265aeefaf2d1ae3499d2cb231a9be3bd846432daf231de.js?body=1" for 75.38.127.138 at 2016-05-11 01:31:22 +0000


Started GET "/assets/turbolinks.self-c37727e9bd6b2735da5c311aa83fead54ed0be6cc8bd9a65309e9c5abe2cbfff.js?body=1" for 75.38.127.138 at 2016-05-11 01:31:22 +0000


Started GET "/assets/jquery_ujs.self-e87806d0cf4489aeb1bb7288016024e8de67fd18db693fe026fe3907581e53cd.js?body=1" for 75.38.127.138 at 2016-05-11 01:31:22 +0000


Started GET "/assets/welcome.self-877aef30ae1b040ab8a3aba4e3e309a11d7f2612f44dde450b5c157aa5f95c05.js?body=1" for 75.38.127.138 at 2016-05-11 01:31:22 +0000


Started GET "/assets/application.self-f8806224e027f3e3f0138ea9ce99319e298dfdb323304d1f1be6eae8e8c74724.js?body=1" for 75.38.127.138 at 2016-05-11 01:31:22 +0000


Started GET "/users/sign_up" for 75.38.127.138 at 2016-05-11 01:32:48 +0000
Processing by Devise::RegistrationsController#new as HTML
  Rendered devise/registrations/new.html.erb within layouts/application (10.2ms)
Completed 200 OK in 65ms (Views: 62.2ms | ActiveRecord: 0.0ms)


Started GET "/assets/welcome.self-e3b0c44298fc1c149afbf4c8996fb92427ae41e4649b934ca495991b7852b855.css?body=1" for 75.38.127.138 at 2016-05-11 01:32:49 +0000


Started GET "/assets/application.self-ede7ef9adeed2b084ac08420134c5140e66d22596a0cfaf2cf30ab2dfb0e44d2.css?body=1" for 75.38.127.138 at 2016-05-11 01:32:49 +0000


Started GET "/assets/bootstrap.self-d0e973a52d36a01036265aeefaf2d1ae3499d2cb231a9be3bd846432daf231de.js?body=1" for 75.38.127.138 at 2016-05-11 01:32:49 +0000


Started GET "/assets/jquery.self-660adc51e0224b731d29f575a6f1ec167ba08ad06ed5deca4f1e8654c135bf4c.js?body=1" for 75.38.127.138 at 2016-05-11 01:32:49 +0000


Started GET "/assets/jquery_ujs.self-e87806d0cf4489aeb1bb7288016024e8de67fd18db693fe026fe3907581e53cd.js?body=1" for 75.38.127.138 at 2016-05-11 01:32:49 +0000


Started GET "/assets/turbolinks.self-c37727e9bd6b2735da5c311aa83fead54ed0be6cc8bd9a65309e9c5abe2cbfff.js?body=1" for 75.38.127.138 at 2016-05-11 01:32:49 +0000


Started GET "/assets/welcome.self-877aef30ae1b040ab8a3aba4e3e309a11d7f2612f44dde450b5c157aa5f95c05.js?body=1" for 75.38.127.138 at 2016-05-11 01:32:49 +0000


Started GET "/assets/application.self-f8806224e027f3e3f0138ea9ce99319e298dfdb323304d1f1be6eae8e8c74724.js?body=1" for 75.38.127.138 at 2016-05-11 01:32:49 +0000


Started GET "/users/sign_up" for 75.38.127.138 at 2016-05-11 01:33:20 +0000
Processing by Devise::RegistrationsController#new as HTML
  Rendered devise/registrations/new.html.erb within layouts/application (10.6ms)
Completed 200 OK in 73ms (Views: 71.1ms | ActiveRecord: 0.0ms)


Started GET "/assets/jquery.self-660adc51e0224b731d29f575a6f1ec167ba08ad06ed5deca4f1e8654c135bf4c.js?body=1" for 75.38.127.138 at 2016-05-11 01:33:21 +0000


Started GET "/assets/welcome.self-e3b0c44298fc1c149afbf4c8996fb92427ae41e4649b934ca495991b7852b855.css?body=1" for 75.38.127.138 at 2016-05-11 01:33:21 +0000


Started GET "/assets/application.self-ede7ef9adeed2b084ac08420134c5140e66d22596a0cfaf2cf30ab2dfb0e44d2.css?body=1" for 75.38.127.138 at 2016-05-11 01:33:21 +0000


Started GET "/assets/jquery_ujs.self-e87806d0cf4489aeb1bb7288016024e8de67fd18db693fe026fe3907581e53cd.js?body=1" for 75.38.127.138 at 2016-05-11 01:33:21 +0000


Started GET "/assets/bootstrap.self-d0e973a52d36a01036265aeefaf2d1ae3499d2cb231a9be3bd846432daf231de.js?body=1" for 75.38.127.138 at 2016-05-11 01:33:21 +0000


Started GET "/assets/turbolinks.self-c37727e9bd6b2735da5c311aa83fead54ed0be6cc8bd9a65309e9c5abe2cbfff.js?body=1" for 75.38.127.138 at 2016-05-11 01:33:21 +0000


Started GET "/assets/welcome.self-877aef30ae1b040ab8a3aba4e3e309a11d7f2612f44dde450b5c157aa5f95c05.js?body=1" for 75.38.127.138 at 2016-05-11 01:33:21 +0000


Started GET "/assets/application.self-f8806224e027f3e3f0138ea9ce99319e298dfdb323304d1f1be6eae8e8c74724.js?body=1" for 75.38.127.138 at 2016-05-11 01:33:21 +0000


Started POST "/users" for 75.38.127.138 at 2016-05-11 01:34:33 +0000
Processing by Devise::RegistrationsController#create as HTML
  Parameters: {"utf8"=>"✓", "authenticity_token"=>"hmX+lRB1yd6PfRxy/BbcwnhC4KHakk6uYMsR7KceipAZnStZl0i/VSlnT9jQncIEVt4537Cmm8sCDGr6s1/iQw==", "user"=>{"email"=>"", "username"=>"", "password"=>"[FILTERED]", "password_confirmation"=>"[FILTERED]"}, "commit"=>"Sign up"}
  [1m[35m (0.3ms)[0m  begin transaction
  [1m[36m (0.1ms)[0m  [1mrollback transaction[0m
  Rendered devise/registrations/new.html.erb within layouts/application (12.5ms)
Completed 200 OK in 257ms (Views: 143.1ms | ActiveRecord: 0.4ms)
